<?xml version="1.0" encoding="UTF-8"?>
<coverage generated="1667952572523" clover="3.2.0">
  <project timestamp="1667952572523" name="All files">
    <metrics statements="19" coveredstatements="14" conditionals="4" coveredconditionals="4" methods="10" coveredmethods="6" elements="33" coveredelements="24" complexity="0" loc="19" ncloc="19" packages="1" files="2" classes="2"/>
    <file name="calculator.js" path="C:\Users\david\Test-excercise\calculator.js">
      <metrics statements="6" coveredstatements="6" conditionals="0" coveredconditionals="0" methods="4" coveredmethods="4"/>
      <line num="3" count="1" type="stmt"/>
      <line num="4" count="3" type="stmt"/>
      <line num="7" count="3" type="stmt"/>
      <line num="10" count="3" type="stmt"/>
      <line num="13" count="3" type="stmt"/>
      <line num="18" count="1" type="stmt"/>
    </file>
    <file name="main.js" path="C:\Users\david\Test-excercise\main.js">
      <metrics statements="13" coveredstatements="8" conditionals="4" coveredconditionals="4" methods="6" coveredmethods="2"/>
      <line num="1" count="1" type="stmt"/>
      <line num="2" count="3" type="cond" truecount="4" falsecount="0"/>
      <line num="3" count="2" type="stmt"/>
      <line num="5" count="1" type="stmt"/>
      <line num="9" count="1" type="stmt"/>
      <line num="10" count="1" type="stmt"/>
      <line num="11" count="1" type="stmt"/>
      <line num="17" count="0" type="stmt"/>
      <line num="18" count="0" type="stmt"/>
      <line num="21" count="0" type="stmt"/>
      <line num="24" count="0" type="stmt"/>
      <line num="27" count="0" type="stmt"/>
      <line num="32" count="1" type="stmt"/>
    </file>
  </project>
</coverage>
