{"C:\\Users\\david\\Test-excercise\\calculator.js": {"path":"C:\\Users\\david\\Test-excercise\\calculator.js","statementMap":{"0":{"start":{"line":3,"column":14},"end":{"line":5,"column":3}},"1":{"start":{"line":4,"column":3},"end":{"line":4,"column":17}},"2":{"start":{"line":7,"column":3},"end":{"line":7,"column":17}},"3":{"start":{"line":10,"column":3},"end":{"line":10,"column":17}},"4":{"start":{"line":13,"column":3},"end":{"line":13,"column":17}},"5":{"start":{"line":18,"column":2},"end":{"line":18,"column":30}}},"fnMap":{"0":{"name":"(anonymous_0)","decl":{"start":{"line":3,"column":14},"end":{"line":3,"column":15}},"loc":{"start":{"line":3,"column":23},"end":{"line":5,"column":3}},"line":3},"1":{"name":"(anonymous_1)","decl":{"start":{"line":6,"column":2},"end":{"line":6,"column":3}},"loc":{"start":{"line":6,"column":23},"end":{"line":8,"column":3}},"line":6},"2":{"name":"(anonymous_2)","decl":{"start":{"line":9,"column":2},"end":{"line":9,"column":3}},"loc":{"start":{"line":9,"column":22},"end":{"line":11,"column":3}},"line":9},"3":{"name":"(anonymous_3)","decl":{"start":{"line":12,"column":2},"end":{"line":12,"column":3}},"loc":{"start":{"line":12,"column":20},"end":{"line":14,"column":3}},"line":12}},"branchMap":{},"s":{"0":1,"1":3,"2":3,"3":3,"4":3,"5":1},"f":{"0":3,"1":3,"2":3,"3":3},"b":{},"_coverageSchema":"1a1c01bbd47fc00a2c39e90264f33305004495a9","hash":"226d64b0da26380597186fe7a417c32b478e22d7"}
,"C:\\Users\\david\\Test-excercise\\main.js": {"path":"C:\\Users\\david\\Test-excercise\\main.js","statementMap":{"0":{"start":{"line":1,"column":0},"end":{"line":7,"column":1}},"1":{"start":{"line":2,"column":1},"end":{"line":6,"column":2}},"2":{"start":{"line":3,"column":2},"end":{"line":3,"column":17}},"3":{"start":{"line":5,"column":2},"end":{"line":5,"column":23}},"4":{"start":{"line":9,"column":0},"end":{"line":12,"column":1}},"5":{"start":{"line":10,"column":16},"end":{"line":10,"column":51}},"6":{"start":{"line":11,"column":1},"end":{"line":11,"column":18}},"7":{"start":{"line":17,"column":6},"end":{"line":19,"column":2}},"8":{"start":{"line":18,"column":2},"end":{"line":18,"column":16}},"9":{"start":{"line":21,"column":2},"end":{"line":21,"column":16}},"10":{"start":{"line":24,"column":2},"end":{"line":24,"column":16}},"11":{"start":{"line":27,"column":2},"end":{"line":27,"column":16}},"12":{"start":{"line":32,"column":1},"end":{"line":32,"column":22}}},"fnMap":{"0":{"name":"(anonymous_0)","decl":{"start":{"line":1,"column":23},"end":{"line":1,"column":24}},"loc":{"start":{"line":1,"column":35},"end":{"line":7,"column":1}},"line":1},"1":{"name":"(anonymous_1)","decl":{"start":{"line":9,"column":24},"end":{"line":9,"column":25}},"loc":{"start":{"line":9,"column":36},"end":{"line":12,"column":1}},"line":9},"2":{"name":"(anonymous_2)","decl":{"start":{"line":17,"column":6},"end":{"line":17,"column":7}},"loc":{"start":{"line":17,"column":15},"end":{"line":19,"column":2}},"line":17},"3":{"name":"(anonymous_3)","decl":{"start":{"line":20,"column":1},"end":{"line":20,"column":2}},"loc":{"start":{"line":20,"column":22},"end":{"line":22,"column":2}},"line":20},"4":{"name":"(anonymous_4)","decl":{"start":{"line":23,"column":1},"end":{"line":23,"column":2}},"loc":{"start":{"line":23,"column":21},"end":{"line":25,"column":2}},"line":23},"5":{"name":"(anonymous_5)","decl":{"start":{"line":26,"column":1},"end":{"line":26,"column":2}},"loc":{"start":{"line":26,"column":19},"end":{"line":28,"column":2}},"line":26}},"branchMap":{"0":{"loc":{"start":{"line":2,"column":1},"end":{"line":6,"column":2}},"type":"if","locations":[{"start":{"line":2,"column":1},"end":{"line":6,"column":2}},{"start":{"line":4,"column":8},"end":{"line":6,"column":2}}],"line":2},"1":{"loc":{"start":{"line":2,"column":4},"end":{"line":2,"column":42}},"type":"binary-expr","locations":[{"start":{"line":2,"column":4},"end":{"line":2,"column":21}},{"start":{"line":2,"column":25},"end":{"line":2,"column":42}}],"line":2}},"s":{"0":1,"1":3,"2":2,"3":1,"4":1,"5":1,"6":1,"7":0,"8":0,"9":0,"10":0,"11":0,"12":1},"f":{"0":3,"1":1,"2":0,"3":0,"4":0,"5":0},"b":{"0":[2,1],"1":[3,2]},"_coverageSchema":"1a1c01bbd47fc00a2c39e90264f33305004495a9","hash":"8181b525b644cd07539adc1651aa6d83ee95d0ef"}
}
